[0913/000846:ERROR:process_info.cc(608)] range at 0x9395337400000000, size 0x45 fully unreadable
[0913/000847:ERROR:process_info.cc(608)] range at 0x9395339400000000, size 0x45 fully unreadable
[0913/000847:ERROR:process_info.cc(608)] range at 0x0, size 0x45 fully unreadable
[0913/000855:WARNING:in_range_cast.h(38)] value 8782079792704 out of range
[0913/000855:WARNING:in_range_cast.h(38)] value 8782080410588 out of range
[0913/000855:WARNING:in_range_cast.h(38)] value 8782080410644 out of range
[0913/000855:WARNING:in_range_cast.h(38)] value 42417097015297 out of range
[0913/000855:WARNING:in_range_cast.h(38)] value 270582939679 out of range
[0913/000855:WARNING:in_range_cast.h(38)] value 5476985551759065258 out of range
[0913/000855:WARNING:in_range_cast.h(38)] value 3620336366225281304 out of range
[0913/000855:WARNING:in_range_cast.h(38)] value 3115335385599538041 out of range
[0913/000855:WARNING:in_range_cast.h(38)] value 6246906088417797179 out of range
[0913/000855:WARNING:in_range_cast.h(38)] value 3536983753953664098 out of range
[0913/010210:ERROR:process_info.cc(608)] range at 0x728f344800000000, size 0xe8 fully unreadable
[0913/010210:ERROR:process_info.cc(608)] range at 0x728f346800000000, size 0xe8 fully unreadable
[0913/010210:ERROR:process_info.cc(608)] range at 0x0, size 0xe8 fully unreadable
[0913/010221:WARNING:in_range_cast.h(38)] value 8782079792704 out of range
[0913/010221:WARNING:in_range_cast.h(38)] value 8782080410588 out of range
[0913/010221:WARNING:in_range_cast.h(38)] value 8782080410644 out of range
[0913/010221:WARNING:in_range_cast.h(38)] value 42417097015297 out of range
[0913/010221:WARNING:in_range_cast.h(38)] value 270582939679 out of range
[0913/010221:WARNING:in_range_cast.h(38)] value 5476985551759065258 out of range
[0913/010221:WARNING:in_range_cast.h(38)] value 3620336366225281304 out of range
[0913/010221:WARNING:in_range_cast.h(38)] value 3115335385599538041 out of range
[0913/010221:WARNING:in_range_cast.h(38)] value 6246906088417797179 out of range
[0913/010221:WARNING:in_range_cast.h(38)] value 3536983753953664098 out of range
[0913/175508:ERROR:process_info.cc(608)] range at 0x8ed235a000000000, size 0x7d fully unreadable
[0913/175509:ERROR:process_info.cc(608)] range at 0x8ed2360400000000, size 0x7d fully unreadable
[0913/175509:ERROR:process_info.cc(608)] range at 0x0, size 0x7d fully unreadable
[0913/175512:WARNING:in_range_cast.h(38)] value 8782079792704 out of range
[0913/175512:WARNING:in_range_cast.h(38)] value 8782080410588 out of range
[0913/175512:WARNING:in_range_cast.h(38)] value 8782080410644 out of range
[0913/175512:WARNING:in_range_cast.h(38)] value 42417097015297 out of range
[0913/175512:WARNING:in_range_cast.h(38)] value 270582939679 out of range
[0913/175512:WARNING:in_range_cast.h(38)] value 5476985551759065258 out of range
[0913/175512:WARNING:in_range_cast.h(38)] value 3620336366225281304 out of range
[0913/175512:WARNING:in_range_cast.h(38)] value 3115335385599538041 out of range
[0913/175512:WARNING:in_range_cast.h(38)] value 6246906088417797179 out of range
[0913/175512:WARNING:in_range_cast.h(38)] value 3536983753953664098 out of range
[0913/175715:ERROR:process_reader_win.cc(233)] ReadMemory at 0x7d8eaec000 of 147456 bytes failed: Only part of a ReadProcessMemory or WriteProcessMemory request was completed. (0x12B)
[0913/175715:ERROR:crash_report_exception_handler.cc(102)] WriteEverything failed
[0913/175717:ERROR:scoped_process_suspend.cc(38)] NtResumeProcess, ntstatus=-1073741558
[0913/193303:ERROR:process_info.cc(608)] range at 0x7a3d344600000000, size 0x25 fully unreadable
[0913/193304:ERROR:process_info.cc(608)] range at 0x7a3d346600000000, size 0x25 fully unreadable
[0913/193304:ERROR:process_info.cc(608)] range at 0x0, size 0x25 fully unreadable
[0913/193333:WARNING:in_range_cast.h(38)] value 8782079792704 out of range
[0913/193333:WARNING:in_range_cast.h(38)] value 8782080410588 out of range
[0913/193333:WARNING:in_range_cast.h(38)] value 8782080410644 out of range
[0913/193333:WARNING:in_range_cast.h(38)] value 42417097015297 out of range
[0913/193333:WARNING:in_range_cast.h(38)] value 270582939679 out of range
[0913/193333:WARNING:in_range_cast.h(38)] value 5476985551759065258 out of range
[0913/193333:WARNING:in_range_cast.h(38)] value 3620336366225281304 out of range
[0913/193333:WARNING:in_range_cast.h(38)] value 3115335385599538041 out of range
[0913/193333:WARNING:in_range_cast.h(38)] value 6246906088417797179 out of range
[0913/193333:WARNING:in_range_cast.h(38)] value 3536983753953664098 out of range
